/u/s/i/sinclair/courses/cs552/spring2022/handouts/testprograms/public/rand_final/ldld_rand_large.asm SUCCESS CPI:3.7 CYCLES:3778 ICOUNT:1035 IHITRATE: 99.7 DHITRATE: 96.8
/u/s/i/sinclair/courses/cs552/spring2022/handouts/testprograms/public/rand_final/ldld_rand_small.asm SUCCESS CPI:3.7 CYCLES:3778 ICOUNT:1035 IHITRATE: 99.7 DHITRATE: 96.8
/u/s/i/sinclair/courses/cs552/spring2022/handouts/testprograms/public/rand_final/ldst_rand_large.asm SUCCESS CPI:3.2 CYCLES:4472 ICOUNT:1417 IHITRATE: 99.6 DHITRATE: 91.4
/u/s/i/sinclair/courses/cs552/spring2022/handouts/testprograms/public/rand_final/ldst_rand_small.asm SUCCESS CPI:3.0 CYCLES:4242 ICOUNT:1417 IHITRATE: 99.6 DHITRATE: 95.0
/u/s/i/sinclair/courses/cs552/spring2022/handouts/testprograms/public/rand_final/t_100_all.asm SUCCESS CPI:5.6 CYCLES:1875 ICOUNT:334 IHITRATE: 70.4 DHITRATE: 70.4
/u/s/i/sinclair/courses/cs552/spring2022/handouts/testprograms/public/rand_final/t_100_ctrl.asm SUCCESS CPI:5.7 CYCLES:3659 ICOUNT:647 IHITRATE: 69.9 DHITRATE: 78.0
/u/s/i/sinclair/courses/cs552/spring2022/handouts/testprograms/public/rand_final/t_100_icache.asm SUCCESS CPI:65.3 CYCLES:1306 ICOUNT:20 IHITRATE: 41.0 DHITRATE: 0
/u/s/i/sinclair/courses/cs552/spring2022/handouts/testprograms/public/rand_final/t_100_idcache.asm SUCCESS CPI:9.6 CYCLES:3855 ICOUNT:401 IHITRATE: 87.7 DHITRATE: 35.2
/u/s/i/sinclair/courses/cs552/spring2022/handouts/testprograms/public/rand_final/t_100_mem.asm SUCCESS CPI:5.9 CYCLES:8388 ICOUNT:1427 IHITRATE: 76.5 DHITRATE: 94.4
/u/s/i/sinclair/courses/cs552/spring2022/handouts/testprograms/public/rand_final/t_101_all.asm SUCCESS CPI:5.4 CYCLES:2434 ICOUNT:449 IHITRATE: 72.6 DHITRATE: 71.4
/u/s/i/sinclair/courses/cs552/spring2022/handouts/testprograms/public/rand_final/t_101_ctrl.asm SUCCESS CPI:5.3 CYCLES:4490 ICOUNT:850 IHITRATE: 71.3 DHITRATE: 81.7
/u/s/i/sinclair/courses/cs552/spring2022/handouts/testprograms/public/rand_final/t_101_icache.asm SUCCESS CPI:35.9 CYCLES:1507 ICOUNT:42 IHITRATE: 46.6 DHITRATE: 0
/u/s/i/sinclair/courses/cs552/spring2022/handouts/testprograms/public/rand_final/t_101_idcache.asm SUCCESS CPI:9.2 CYCLES:3813 ICOUNT:413 IHITRATE: 88.7 DHITRATE: 35.1
/u/s/i/sinclair/courses/cs552/spring2022/handouts/testprograms/public/rand_final/t_101_mem.asm SUCCESS CPI:5.9 CYCLES:8427 ICOUNT:1422 IHITRATE: 76.3 DHITRATE: 94.7
/u/s/i/sinclair/courses/cs552/spring2022/handouts/testprograms/public/rand_final/t_102_all.asm SUCCESS CPI:5.6 CYCLES:2034 ICOUNT:365 IHITRATE: 72.2 DHITRATE: 61.3
/u/s/i/sinclair/courses/cs552/spring2022/handouts/testprograms/public/rand_final/t_102_ctrl.asm SUCCESS CPI:5.3 CYCLES:4514 ICOUNT:856 IHITRATE: 71.3 DHITRATE: 74.0
/u/s/i/sinclair/courses/cs552/spring2022/handouts/testprograms/public/rand_final/t_102_icache.asm SUCCESS CPI:27.9 CYCLES:1672 ICOUNT:60 IHITRATE: 48.8 DHITRATE: 0
/u/s/i/sinclair/courses/cs552/spring2022/handouts/testprograms/public/rand_final/t_102_idcache.asm SUCCESS CPI:10.4 CYCLES:3493 ICOUNT:335 IHITRATE: 87.7 DHITRATE: 31.1
/u/s/i/sinclair/courses/cs552/spring2022/handouts/testprograms/public/rand_final/t_102_mem.asm SUCCESS CPI:5.7 CYCLES:8656 ICOUNT:1529 IHITRATE: 75.7 DHITRATE: 96.5
/u/s/i/sinclair/courses/cs552/spring2022/handouts/testprograms/public/rand_final/t_103_all.asm SUCCESS CPI:5.2 CYCLES:2343 ICOUNT:453 IHITRATE: 71.1 DHITRATE: 57.7
/u/s/i/sinclair/courses/cs552/spring2022/handouts/testprograms/public/rand_final/t_103_ctrl.asm SUCCESS CPI:5.4 CYCLES:4409 ICOUNT:815 IHITRATE: 71.9 DHITRATE: 76.5
/u/s/i/sinclair/courses/cs552/spring2022/handouts/testprograms/public/rand_final/t_103_icache.asm SUCCESS CPI:14.4 CYCLES:1787 ICOUNT:124 IHITRATE: 50.2 DHITRATE: 0
/u/s/i/sinclair/courses/cs552/spring2022/handouts/testprograms/public/rand_final/t_103_idcache.asm SUCCESS CPI:9.6 CYCLES:3583 ICOUNT:374 IHITRATE: 87.9 DHITRATE: 36.7
/u/s/i/sinclair/courses/cs552/spring2022/handouts/testprograms/public/rand_final/t_103_mem.asm SUCCESS CPI:5.8 CYCLES:8446 ICOUNT:1468 IHITRATE: 75.6 DHITRATE: 97.3
/u/s/i/sinclair/courses/cs552/spring2022/handouts/testprograms/public/rand_final/t_104_all.asm SUCCESS CPI:5.2 CYCLES:2363 ICOUNT:456 IHITRATE: 72.3 DHITRATE: 63.0
/u/s/i/sinclair/courses/cs552/spring2022/handouts/testprograms/public/rand_final/t_104_ctrl.asm SUCCESS CPI:5.4 CYCLES:4137 ICOUNT:766 IHITRATE: 71.7 DHITRATE: 72.1
/u/s/i/sinclair/courses/cs552/spring2022/handouts/testprograms/public/rand_final/t_104_icache.asm SUCCESS CPI:27.5 CYCLES:1294 ICOUNT:47 IHITRATE: 48.0 DHITRATE: 0
/u/s/i/sinclair/courses/cs552/spring2022/handouts/testprograms/public/rand_final/t_104_idcache.asm SUCCESS CPI:10.9 CYCLES:3405 ICOUNT:311 IHITRATE: 88.7 DHITRATE: 21.1
/u/s/i/sinclair/courses/cs552/spring2022/handouts/testprograms/public/rand_final/t_104_mem.asm SUCCESS CPI:5.7 CYCLES:8792 ICOUNT:1550 IHITRATE: 76.2 DHITRATE: 96.1
/u/s/i/sinclair/courses/cs552/spring2022/handouts/testprograms/public/rand_final/t_105_all.asm SUCCESS CPI:5.3 CYCLES:2406 ICOUNT:453 IHITRATE: 72.2 DHITRATE: 60.7
/u/s/i/sinclair/courses/cs552/spring2022/handouts/testprograms/public/rand_final/t_105_ctrl.asm SUCCESS CPI:5.5 CYCLES:4350 ICOUNT:798 IHITRATE: 71.3 DHITRATE: 72.4
/u/s/i/sinclair/courses/cs552/spring2022/handouts/testprograms/public/rand_final/t_105_icache.asm SUCCESS CPI:19.0 CYCLES:1428 ICOUNT:75 IHITRATE: 50.6 DHITRATE: 0
/u/s/i/sinclair/courses/cs552/spring2022/handouts/testprograms/public/rand_final/t_105_idcache.asm SUCCESS CPI:10.4 CYCLES:3499 ICOUNT:335 IHITRATE: 88.2 DHITRATE: 22.5
/u/s/i/sinclair/courses/cs552/spring2022/handouts/testprograms/public/rand_final/t_105_mem.asm SUCCESS CPI:5.8 CYCLES:8350 ICOUNT:1440 IHITRATE: 75.9 DHITRATE: 95.7
/u/s/i/sinclair/courses/cs552/spring2022/handouts/testprograms/public/rand_final/t_106_all.asm SUCCESS CPI:5.4 CYCLES:2547 ICOUNT:472 IHITRATE: 70.7 DHITRATE: 70.7
/u/s/i/sinclair/courses/cs552/spring2022/handouts/testprograms/public/rand_final/t_106_ctrl.asm SUCCESS CPI:5.3 CYCLES:4284 ICOUNT:812 IHITRATE: 72.3 DHITRATE: 73.2
/u/s/i/sinclair/courses/cs552/spring2022/handouts/testprograms/public/rand_final/t_106_icache.asm SUCCESS CPI:40.8 CYCLES:1552 ICOUNT:38 IHITRATE: 45.7 DHITRATE: 0
/u/s/i/sinclair/courses/cs552/spring2022/handouts/testprograms/public/rand_final/t_106_idcache.asm SUCCESS CPI:10.9 CYCLES:3539 ICOUNT:326 IHITRATE: 87.7 DHITRATE: 26.7
/u/s/i/sinclair/courses/cs552/spring2022/handouts/testprograms/public/rand_final/t_106_mem.asm SUCCESS CPI:5.9 CYCLES:8394 ICOUNT:1427 IHITRATE: 76.3 DHITRATE: 94.8
/u/s/i/sinclair/courses/cs552/spring2022/handouts/testprograms/public/rand_final/t_107_all.asm SUCCESS CPI:5.2 CYCLES:2247 ICOUNT:428 IHITRATE: 71.5 DHITRATE: 65.6
/u/s/i/sinclair/courses/cs552/spring2022/handouts/testprograms/public/rand_final/t_107_ctrl.asm SUCCESS CPI:5.3 CYCLES:4218 ICOUNT:792 IHITRATE: 71.4 DHITRATE: 76.9
/u/s/i/sinclair/courses/cs552/spring2022/handouts/testprograms/public/rand_final/t_107_icache.asm SUCCESS CPI:27.2 CYCLES:1415 ICOUNT:52 IHITRATE: 47.8 DHITRATE: 0
/u/s/i/sinclair/courses/cs552/spring2022/handouts/testprograms/public/rand_final/t_107_idcache.asm SUCCESS CPI:11.2 CYCLES:3665 ICOUNT:326 IHITRATE: 86.7 DHITRATE: 25.9
/u/s/i/sinclair/courses/cs552/spring2022/handouts/testprograms/public/rand_final/t_107_mem.asm SUCCESS CPI:5.8 CYCLES:8274 ICOUNT:1417 IHITRATE: 75.9 DHITRATE: 95.2
/u/s/i/sinclair/courses/cs552/spring2022/handouts/testprograms/public/rand_final/t_108_all.asm SUCCESS CPI:5.0 CYCLES:2334 ICOUNT:464 IHITRATE: 72.6 DHITRATE: 64.9
/u/s/i/sinclair/courses/cs552/spring2022/handouts/testprograms/public/rand_final/t_108_ctrl.asm SUCCESS CPI:5.2 CYCLES:4375 ICOUNT:836 IHITRATE: 71.1 DHITRATE: 78.9
/u/s/i/sinclair/courses/cs552/spring2022/handouts/testprograms/public/rand_final/t_108_icache.asm SUCCESS CPI:41.5 CYCLES:1162 ICOUNT:28 IHITRATE: 44.4 DHITRATE: 0
/u/s/i/sinclair/courses/cs552/spring2022/handouts/testprograms/public/rand_final/t_108_idcache.asm SUCCESS CPI:10.6 CYCLES:3625 ICOUNT:341 IHITRATE: 87.7 DHITRATE: 31.2
/u/s/i/sinclair/courses/cs552/spring2022/handouts/testprograms/public/rand_final/t_108_mem.asm SUCCESS CPI:5.6 CYCLES:8755 ICOUNT:1562 IHITRATE: 76.3 DHITRATE: 94.8
/u/s/i/sinclair/courses/cs552/spring2022/handouts/testprograms/public/rand_final/t_109_all.asm SUCCESS CPI:5.5 CYCLES:1873 ICOUNT:339 IHITRATE: 71.1 DHITRATE: 83.3
/u/s/i/sinclair/courses/cs552/spring2022/handouts/testprograms/public/rand_final/t_109_ctrl.asm SUCCESS CPI:5.3 CYCLES:4442 ICOUNT:840 IHITRATE: 71.0 DHITRATE: 86.4
/u/s/i/sinclair/courses/cs552/spring2022/handouts/testprograms/public/rand_final/t_109_icache.asm SUCCESS CPI:29.9 CYCLES:1467 ICOUNT:49 IHITRATE: 49.0 DHITRATE: 0
/u/s/i/sinclair/courses/cs552/spring2022/handouts/testprograms/public/rand_final/t_109_idcache.asm SUCCESS CPI:10.5 CYCLES:3633 ICOUNT:347 IHITRATE: 88.8 DHITRATE: 17.4
/u/s/i/sinclair/courses/cs552/spring2022/handouts/testprograms/public/rand_final/t_109_mem.asm SUCCESS CPI:5.9 CYCLES:8216 ICOUNT:1385 IHITRATE: 76.1 DHITRATE: 95.5
/u/s/i/sinclair/courses/cs552/spring2022/handouts/testprograms/public/rand_final/t_10_mem.asm SUCCESS CPI:5.7 CYCLES:8912 ICOUNT:1576 IHITRATE: 75.8 DHITRATE: 96.4
/u/s/i/sinclair/courses/cs552/spring2022/handouts/testprograms/public/rand_final/t_110_all.asm SUCCESS CPI:5.1 CYCLES:2341 ICOUNT:457 IHITRATE: 71.1 DHITRATE: 84.6
/u/s/i/sinclair/courses/cs552/spring2022/handouts/testprograms/public/rand_final/t_110_ctrl.asm SUCCESS CPI:5.1 CYCLES:4690 ICOUNT:915 IHITRATE: 72.1 DHITRATE: 80.0
/u/s/i/sinclair/courses/cs552/spring2022/handouts/testprograms/public/rand_final/t_110_icache.asm SUCCESS CPI:57.1 CYCLES:1598 ICOUNT:28 IHITRATE: 41.2 DHITRATE: 0
/u/s/i/sinclair/courses/cs552/spring2022/handouts/testprograms/public/rand_final/t_110_idcache.asm SUCCESS CPI:10.1 CYCLES:3913 ICOUNT:386 IHITRATE: 88.1 DHITRATE: 27.2
/u/s/i/sinclair/courses/cs552/spring2022/handouts/testprograms/public/rand_final/t_110_mem.asm SUCCESS CPI:5.7 CYCLES:8508 ICOUNT:1502 IHITRATE: 76.0 DHITRATE: 95.4
/u/s/i/sinclair/courses/cs552/spring2022/handouts/testprograms/public/rand_final/t_111_all.asm SUCCESS CPI:5.7 CYCLES:2256 ICOUNT:396 IHITRATE: 70.7 DHITRATE: 73.7
/u/s/i/sinclair/courses/cs552/spring2022/handouts/testprograms/public/rand_final/t_111_ctrl.asm SUCCESS CPI:5.2 CYCLES:4755 ICOUNT:912 IHITRATE: 71.3 DHITRATE: 74.1
/u/s/i/sinclair/courses/cs552/spring2022/handouts/testprograms/public/rand_final/t_111_icache.asm SUCCESS CPI:36.2 CYCLES:1448 ICOUNT:40 IHITRATE: 43.6 DHITRATE: 0
/u/s/i/sinclair/courses/cs552/spring2022/handouts/testprograms/public/rand_final/t_111_idcache.asm SUCCESS CPI:10.3 CYCLES:4045 ICOUNT:392 IHITRATE: 89.0 DHITRATE: 17.9
/u/s/i/sinclair/courses/cs552/spring2022/handouts/testprograms/public/rand_final/t_111_mem.asm SUCCESS CPI:5.9 CYCLES:8272 ICOUNT:1405 IHITRATE: 76.5 DHITRATE: 93.7
/u/s/i/sinclair/courses/cs552/spring2022/handouts/testprograms/public/rand_final/t_112_all.asm SUCCESS CPI:5.5 CYCLES:2056 ICOUNT:375 IHITRATE: 71.3 DHITRATE: 62.1
/u/s/i/sinclair/courses/cs552/spring2022/handouts/testprograms/public/rand_final/t_112_ctrl.asm SUCCESS CPI:5.4 CYCLES:4021 ICOUNT:751 IHITRATE: 71.2 DHITRATE: 69.8
/u/s/i/sinclair/courses/cs552/spring2022/handouts/testprograms/public/rand_final/t_112_icache.asm SUCCESS CPI:15.4 CYCLES:1523 ICOUNT:99 IHITRATE: 50.2 DHITRATE: 0
/u/s/i/sinclair/courses/cs552/spring2022/handouts/testprograms/public/rand_final/t_112_idcache.asm SUCCESS CPI:9.9 CYCLES:4025 ICOUNT:407 IHITRATE: 88.6 DHITRATE: 24.1
/u/s/i/sinclair/courses/cs552/spring2022/handouts/testprograms/public/rand_final/t_112_mem.asm SUCCESS CPI:5.9 CYCLES:7794 ICOUNT:1310 IHITRATE: 75.9 DHITRATE: 97.5
/u/s/i/sinclair/courses/cs552/spring2022/handouts/testprograms/public/rand_final/t_113_all.asm SUCCESS CPI:5.4 CYCLES:1881 ICOUNT:347 IHITRATE: 71.5 DHITRATE: 77.1
/u/s/i/sinclair/courses/cs552/spring2022/handouts/testprograms/public/rand_final/t_113_ctrl.asm SUCCESS CPI:5.5 CYCLES:4184 ICOUNT:762 IHITRATE: 72.1 DHITRATE: 73.0
/u/s/i/sinclair/courses/cs552/spring2022/handouts/testprograms/public/rand_final/t_113_icache.asm SUCCESS CPI:20.5 CYCLES:1910 ICOUNT:93 IHITRATE: 48.4 DHITRATE: 0
/u/s/i/sinclair/courses/cs552/spring2022/handouts/testprograms/public/rand_final/t_113_idcache.asm SUCCESS CPI:9.2 CYCLES:3698 ICOUNT:404 IHITRATE: 88.1 DHITRATE: 30.1
/u/s/i/sinclair/courses/cs552/spring2022/handouts/testprograms/public/rand_final/t_113_mem.asm SUCCESS CPI:5.7 CYCLES:8548 ICOUNT:1496 IHITRATE: 76.1 DHITRATE: 96.2
/u/s/i/sinclair/courses/cs552/spring2022/handouts/testprograms/public/rand_final/t_114_all.asm SUCCESS CPI:4.7 CYCLES:2834 ICOUNT:605 IHITRATE: 73.1 DHITRATE: 72.5
/u/s/i/sinclair/courses/cs552/spring2022/handouts/testprograms/public/rand_final/t_114_ctrl.asm SUCCESS CPI:5.1 CYCLES:4554 ICOUNT:887 IHITRATE: 71.8 DHITRATE: 88.5
/u/s/i/sinclair/courses/cs552/spring2022/handouts/testprograms/public/rand_final/t_114_icache.asm SUCCESS CPI:34.3 CYCLES:1372 ICOUNT:40 IHITRATE: 47.1 DHITRATE: 0
/u/s/i/sinclair/courses/cs552/spring2022/handouts/testprograms/public/rand_final/t_114_idcache.asm SUCCESS CPI:10.1 CYCLES:3608 ICOUNT:356 IHITRATE: 87.0 DHITRATE: 30.4
/u/s/i/sinclair/courses/cs552/spring2022/handouts/testprograms/public/rand_final/t_114_mem.asm SUCCESS CPI:5.7 CYCLES:8260 ICOUNT:1449 IHITRATE: 75.8 DHITRATE: 96.2
/u/s/i/sinclair/courses/cs552/spring2022/handouts/testprograms/public/rand_final/t_115_all.asm SUCCESS CPI:5.2 CYCLES:2357 ICOUNT:455 IHITRATE: 71.4 DHITRATE: 77.8
/u/s/i/sinclair/courses/cs552/spring2022/handouts/testprograms/public/rand_final/t_115_ctrl.asm SUCCESS CPI:5.2 CYCLES:4625 ICOUNT:881 IHITRATE: 72.1 DHITRATE: 74.7
/u/s/i/sinclair/courses/cs552/spring2022/handouts/testprograms/public/rand_final/t_115_icache.asm SUCCESS CPI:21.5 CYCLES:1313 ICOUNT:61 IHITRATE: 48.9 DHITRATE: 0
/u/s/i/sinclair/courses/cs552/spring2022/handouts/testprograms/public/rand_final/t_115_idcache.asm SUCCESS CPI:9.1 CYCLES:3885 ICOUNT:428 IHITRATE: 88.4 DHITRATE: 37.2
/u/s/i/sinclair/courses/cs552/spring2022/handouts/testprograms/public/rand_final/t_115_mem.asm SUCCESS CPI:5.8 CYCLES:8221 ICOUNT:1414 IHITRATE: 75.7 DHITRATE: 97.4
/u/s/i/sinclair/courses/cs552/spring2022/handouts/testprograms/public/rand_final/t_116_all.asm SUCCESS CPI:4.9 CYCLES:2867 ICOUNT:587 IHITRATE: 73.2 DHITRATE: 75.0
/u/s/i/sinclair/courses/cs552/spring2022/handouts/testprograms/public/rand_final/t_116_ctrl.asm SUCCESS CPI:4.8 CYCLES:5324 ICOUNT:1102 IHITRATE: 72.4 DHITRATE: 81.4
/u/s/i/sinclair/courses/cs552/spring2022/handouts/testprograms/public/rand_final/t_116_icache.asm SUCCESS CPI:19.1 CYCLES:1736 ICOUNT:91 IHITRATE: 48.7 DHITRATE: 0
/u/s/i/sinclair/courses/cs552/spring2022/handouts/testprograms/public/rand_final/t_116_idcache.asm SUCCESS CPI:10.6 CYCLES:3724 ICOUNT:350 IHITRATE: 87.4 DHITRATE: 32.0
/u/s/i/sinclair/courses/cs552/spring2022/handouts/testprograms/public/rand_final/t_116_mem.asm SUCCESS CPI:5.8 CYCLES:8705 ICOUNT:1492 IHITRATE: 76.6 DHITRATE: 93.9
/u/s/i/sinclair/courses/cs552/spring2022/handouts/testprograms/public/rand_final/t_117_all.asm SUCCESS CPI:5.3 CYCLES:2496 ICOUNT:475 IHITRATE: 73.0 DHITRATE: 63.8
/u/s/i/sinclair/courses/cs552/spring2022/handouts/testprograms/public/rand_final/t_117_ctrl.asm SUCCESS CPI:5.3 CYCLES:4737 ICOUNT:898 IHITRATE: 72.4 DHITRATE: 69.6
/u/s/i/sinclair/courses/cs552/spring2022/handouts/testprograms/public/rand_final/t_117_icache.asm SUCCESS CPI:17.6 CYCLES:1548 ICOUNT:88 IHITRATE: 53.2 DHITRATE: 0
/u/s/i/sinclair/courses/cs552/spring2022/handouts/testprograms/public/rand_final/t_117_idcache.asm SUCCESS CPI:9.6 CYCLES:3996 ICOUNT:416 IHITRATE: 86.3 DHITRATE: 33.9
/u/s/i/sinclair/courses/cs552/spring2022/handouts/testprograms/public/rand_final/t_117_mem.asm SUCCESS CPI:5.7 CYCLES:8897 ICOUNT:1572 IHITRATE: 75.9 DHITRATE: 95.8
/u/s/i/sinclair/courses/cs552/spring2022/handouts/testprograms/public/rand_final/t_118_all.asm SUCCESS CPI:5.1 CYCLES:2716 ICOUNT:531 IHITRATE: 72.2 DHITRATE: 70.2
/u/s/i/sinclair/courses/cs552/spring2022/handouts/testprograms/public/rand_final/t_118_ctrl.asm SUCCESS CPI:5.3 CYCLES:4194 ICOUNT:793 IHITRATE: 72.2 DHITRATE: 70.5
/u/s/i/sinclair/courses/cs552/spring2022/handouts/testprograms/public/rand_final/t_118_icache.asm SUCCESS CPI:53.6 CYCLES:1395 ICOUNT:26 IHITRATE: 45.6 DHITRATE: 0
/u/s/i/sinclair/courses/cs552/spring2022/handouts/testprograms/public/rand_final/t_118_idcache.asm SUCCESS CPI:10.5 CYCLES:3385 ICOUNT:323 IHITRATE: 88.6 DHITRATE: 22.5
/u/s/i/sinclair/courses/cs552/spring2022/handouts/testprograms/public/rand_final/t_118_mem.asm SUCCESS CPI:6.0 CYCLES:8087 ICOUNT:1359 IHITRATE: 75.9 DHITRATE: 96.8
/u/s/i/sinclair/courses/cs552/spring2022/handouts/testprograms/public/rand_final/t_119_all.asm SUCCESS CPI:5.1 CYCLES:2194 ICOUNT:427 IHITRATE: 72.7 DHITRATE: 69.4
/u/s/i/sinclair/courses/cs552/spring2022/handouts/testprograms/public/rand_final/t_119_ctrl.asm SUCCESS CPI:5.3 CYCLES:4059 ICOUNT:760 IHITRATE: 71.8 DHITRATE: 72.5
/u/s/i/sinclair/courses/cs552/spring2022/handouts/testprograms/public/rand_final/t_119_icache.asm SUCCESS CPI:37.4 CYCLES:1123 ICOUNT:30 IHITRATE: 40.0 DHITRATE: 0
/u/s/i/sinclair/courses/cs552/spring2022/handouts/testprograms/public/rand_final/t_119_idcache.asm SUCCESS CPI:13.3 CYCLES:1797 ICOUNT:135 IHITRATE: 64.5 DHITRATE: 20.8
/u/s/i/sinclair/courses/cs552/spring2022/handouts/testprograms/public/rand_final/t_119_mem.asm SUCCESS CPI:5.7 CYCLES:8872 ICOUNT:1567 IHITRATE: 76.4 DHITRATE: 93.9
/u/s/i/sinclair/courses/cs552/spring2022/handouts/testprograms/public/rand_final/t_11_mem.asm SUCCESS CPI:5.7 CYCLES:9021 ICOUNT:1571 IHITRATE: 76.5 DHITRATE: 93.2
/u/s/i/sinclair/courses/cs552/spring2022/handouts/testprograms/public/rand_final/t_120_all.asm SUCCESS CPI:5.6 CYCLES:2217 ICOUNT:395 IHITRATE: 70.0 DHITRATE: 80.8
/u/s/i/sinclair/courses/cs552/spring2022/handouts/testprograms/public/rand_final/t_120_ctrl.asm SUCCESS CPI:5.1 CYCLES:4578 ICOUNT:903 IHITRATE: 72.1 DHITRATE: 77.5
/u/s/i/sinclair/courses/cs552/spring2022/handouts/testprograms/public/rand_final/t_120_icache.asm SUCCESS CPI:45.7 CYCLES:1510 ICOUNT:33 IHITRATE: 45.8 DHITRATE: 0
/u/s/i/sinclair/courses/cs552/spring2022/handouts/testprograms/public/rand_final/t_120_idcache.asm SUCCESS CPI:10.1 CYCLES:3699 ICOUNT:368 IHITRATE: 87.4 DHITRATE: 32.7
/u/s/i/sinclair/courses/cs552/spring2022/handouts/testprograms/public/rand_final/t_120_mem.asm SUCCESS CPI:5.8 CYCLES:8505 ICOUNT:1474 IHITRATE: 75.8 DHITRATE: 96.4
/u/s/i/sinclair/courses/cs552/spring2022/handouts/testprograms/public/rand_final/t_121_all.asm SUCCESS CPI:5.7 CYCLES:1880 ICOUNT:327 IHITRATE: 71.0 DHITRATE: 65.2
/u/s/i/sinclair/courses/cs552/spring2022/handouts/testprograms/public/rand_final/t_122_all.asm SUCCESS CPI:5.5 CYCLES:1831 ICOUNT:335 IHITRATE: 71.7 DHITRATE: 69.2
/u/s/i/sinclair/courses/cs552/spring2022/handouts/testprograms/public/rand_final/t_123_all.asm SUCCESS CPI:5.2 CYCLES:2669 ICOUNT:515 IHITRATE: 72.1 DHITRATE: 63.2
/u/s/i/sinclair/courses/cs552/spring2022/handouts/testprograms/public/rand_final/t_124_all.asm SUCCESS CPI:5.0 CYCLES:1873 ICOUNT:371 IHITRATE: 72.9 DHITRATE: 65.4
/u/s/i/sinclair/courses/cs552/spring2022/handouts/testprograms/public/rand_final/t_125_all.asm SUCCESS CPI:5.4 CYCLES:2753 ICOUNT:514 IHITRATE: 73.2 DHITRATE: 55.2
/u/s/i/sinclair/courses/cs552/spring2022/handouts/testprograms/public/rand_final/t_126_all.asm SUCCESS CPI:4.9 CYCLES:3078 ICOUNT:623 IHITRATE: 74.0 DHITRATE: 55.8
/u/s/i/sinclair/courses/cs552/spring2022/handouts/testprograms/public/rand_final/t_127_all.asm SUCCESS CPI:5.1 CYCLES:2419 ICOUNT:473 IHITRATE: 71.6 DHITRATE: 72.7
/u/s/i/sinclair/courses/cs552/spring2022/handouts/testprograms/public/rand_final/t_128_all.asm SUCCESS CPI:5.6 CYCLES:2443 ICOUNT:440 IHITRATE: 70.9 DHITRATE: 64.5
/u/s/i/sinclair/courses/cs552/spring2022/handouts/testprograms/public/rand_final/t_129_all.asm SUCCESS CPI:5.2 CYCLES:2342 ICOUNT:450 IHITRATE: 72.8 DHITRATE: 70.8
/u/s/i/sinclair/courses/cs552/spring2022/handouts/testprograms/public/rand_final/t_12_mem.asm SUCCESS CPI:5.9 CYCLES:8419 ICOUNT:1426 IHITRATE: 75.9 DHITRATE: 96.5
/u/s/i/sinclair/courses/cs552/spring2022/handouts/testprograms/public/rand_final/t_130_all.asm SUCCESS CPI:4.8 CYCLES:3222 ICOUNT:667 IHITRATE: 74.0 DHITRATE: 70.9
/u/s/i/sinclair/courses/cs552/spring2022/handouts/testprograms/public/rand_final/t_131_all.asm SUCCESS CPI:4.9 CYCLES:2808 ICOUNT:570 IHITRATE: 72.4 DHITRATE: 83.3
/u/s/i/sinclair/courses/cs552/spring2022/handouts/testprograms/public/rand_final/t_132_all.asm SUCCESS CPI:5.0 CYCLES:2458 ICOUNT:489 IHITRATE: 72.8 DHITRATE: 63.9
/u/s/i/sinclair/courses/cs552/spring2022/handouts/testprograms/public/rand_final/t_133_all.asm SUCCESS CPI:5.0 CYCLES:2301 ICOUNT:462 IHITRATE: 74.1 DHITRATE: 64.1
/u/s/i/sinclair/courses/cs552/spring2022/handouts/testprograms/public/rand_final/t_134_all.asm SUCCESS CPI:5.0 CYCLES:2472 ICOUNT:495 IHITRATE: 74.3 DHITRATE: 68.2
/u/s/i/sinclair/courses/cs552/spring2022/handouts/testprograms/public/rand_final/t_135_all.asm SUCCESS CPI:4.9 CYCLES:3070 ICOUNT:625 IHITRATE: 73.9 DHITRATE: 65.4
/u/s/i/sinclair/courses/cs552/spring2022/handouts/testprograms/public/rand_final/t_136_all.asm SUCCESS CPI:5.3 CYCLES:2301 ICOUNT:433 IHITRATE: 71.5 DHITRATE: 69.2
/u/s/i/sinclair/courses/cs552/spring2022/handouts/testprograms/public/rand_final/t_137_all.asm SUCCESS CPI:4.9 CYCLES:2741 ICOUNT:555 IHITRATE: 73.6 DHITRATE: 65.8
/u/s/i/sinclair/courses/cs552/spring2022/handouts/testprograms/public/rand_final/t_138_all.asm SUCCESS CPI:4.9 CYCLES:3125 ICOUNT:637 IHITRATE: 73.6 DHITRATE: 73.7
/u/s/i/sinclair/courses/cs552/spring2022/handouts/testprograms/public/rand_final/t_139_all.asm SUCCESS CPI:5.7 CYCLES:2156 ICOUNT:379 IHITRATE: 71.0 DHITRATE: 52.2
/u/s/i/sinclair/courses/cs552/spring2022/handouts/testprograms/public/rand_final/t_13_mem.asm SUCCESS CPI:5.7 CYCLES:8355 ICOUNT:1455 IHITRATE: 75.9 DHITRATE: 95.8
/u/s/i/sinclair/courses/cs552/spring2022/handouts/testprograms/public/rand_final/t_140_all.asm SUCCESS CPI:5.2 CYCLES:2156 ICOUNT:418 IHITRATE: 71.7 DHITRATE: 64.5
/u/s/i/sinclair/courses/cs552/spring2022/handouts/testprograms/public/rand_final/t_141_all.asm SUCCESS CPI:4.8 CYCLES:2430 ICOUNT:511 IHITRATE: 72.8 DHITRATE: 84.4
/u/s/i/sinclair/courses/cs552/spring2022/handouts/testprograms/public/rand_final/t_142_all.asm SUCCESS CPI:5.1 CYCLES:2071 ICOUNT:404 IHITRATE: 72.7 DHITRATE: 73.3
/u/s/i/sinclair/courses/cs552/spring2022/handouts/testprograms/public/rand_final/t_143_all.asm SUCCESS CPI:4.9 CYCLES:2553 ICOUNT:526 IHITRATE: 73.2 DHITRATE: 70.6
/u/s/i/sinclair/courses/cs552/spring2022/handouts/testprograms/public/rand_final/t_144_all.asm SUCCESS CPI:5.5 CYCLES:2451 ICOUNT:442 IHITRATE: 70.3 DHITRATE: 60.0
/u/s/i/sinclair/courses/cs552/spring2022/handouts/testprograms/public/rand_final/t_145_all.asm SUCCESS CPI:5.1 CYCLES:2332 ICOUNT:456 IHITRATE: 72.6 DHITRATE: 63.9
/u/s/i/sinclair/courses/cs552/spring2022/handouts/testprograms/public/rand_final/t_146_all.asm SUCCESS CPI:4.9 CYCLES:3111 ICOUNT:630 IHITRATE: 73.6 DHITRATE: 73.7
/u/s/i/sinclair/courses/cs552/spring2022/handouts/testprograms/public/rand_final/t_147_all.asm SUCCESS CPI:5.1 CYCLES:2317 ICOUNT:458 IHITRATE: 71.9 DHITRATE: 73.3
/u/s/i/sinclair/courses/cs552/spring2022/handouts/testprograms/public/rand_final/t_148_all.asm SUCCESS CPI:5.2 CYCLES:2427 ICOUNT:471 IHITRATE: 73.1 DHITRATE: 70.7
/u/s/i/sinclair/courses/cs552/spring2022/handouts/testprograms/public/rand_final/t_149_all.asm SUCCESS CPI:5.0 CYCLES:2306 ICOUNT:465 IHITRATE: 72.9 DHITRATE: 67.9
/u/s/i/sinclair/courses/cs552/spring2022/handouts/testprograms/public/rand_final/t_14_mem.asm SUCCESS CPI:6.0 CYCLES:8277 ICOUNT:1385 IHITRATE: 76.3 DHITRATE: 94.2
/u/s/i/sinclair/courses/cs552/spring2022/handouts/testprograms/public/rand_final/t_150_all.asm SUCCESS CPI:5.0 CYCLES:2640 ICOUNT:524 IHITRATE: 72.4 DHITRATE: 75.0
/u/s/i/sinclair/courses/cs552/spring2022/handouts/testprograms/public/rand_final/t_15_mem.asm SUCCESS CPI:5.8 CYCLES:8476 ICOUNT:1459 IHITRATE: 75.6 DHITRATE: 97.0
/u/s/i/sinclair/courses/cs552/spring2022/handouts/testprograms/public/rand_final/t_16_mem.asm SUCCESS CPI:5.8 CYCLES:8497 ICOUNT:1466 IHITRATE: 75.8 DHITRATE: 96.9
/u/s/i/sinclair/courses/cs552/spring2022/handouts/testprograms/public/rand_final/t_17_mem.asm SUCCESS CPI:5.7 CYCLES:8610 ICOUNT:1515 IHITRATE: 76.1 DHITRATE: 95.7
/u/s/i/sinclair/courses/cs552/spring2022/handouts/testprograms/public/rand_final/t_18_mem.asm SUCCESS CPI:5.8 CYCLES:8229 ICOUNT:1423 IHITRATE: 76.0 DHITRATE: 95.1
/u/s/i/sinclair/courses/cs552/spring2022/handouts/testprograms/public/rand_final/t_19_mem.asm SUCCESS CPI:5.8 CYCLES:8165 ICOUNT:1400 IHITRATE: 75.8 DHITRATE: 96.0
